Using pre-set license
Built from '2020.2/staging' branch; Version is '2020.2.6f1 (8a2143876886) revision 9052483'; Using compiler version '192528614'; Build Type 'Release'
OS: 'Windows 10 Home; OS build 19042.867; Version 2009; 64bit' Language: 'en' Physical Memory: 16119 MB
BatchMode: 1, IsHumanControllingUs: 0, StartBugReporterOnCrash: 0, Is64bit: 1, IsPro: 0

 COMMAND LINE ARGUMENTS:
C:\Program Files\Unity\Hub\Editor\2020.2.6f1\Editor\Unity.exe
-adb2
-batchMode
-noUpm
-name
AssetImportWorker0
-projectPath
C:/Users/Josh/Desktop/sts/Slay The Software - Final
-logFile
Logs/AssetImportWorker0.log
-srvPort
49771
Successfully changed project path to: C:/Users/Josh/Desktop/sts/Slay The Software - Final
C:/Users/Josh/Desktop/sts/Slay The Software - Final
Using Asset Import Pipeline V2.
Refreshing native plugins compatible for Editor in 72.44 ms, found 0 plugins.
Preloading 0 native plugins for Editor in 0.00 ms.
Initialize engine version: 2020.2.6f1 (8a2143876886)
[Subsystems] Discovering subsystems at path C:/Program Files/Unity/Hub/Editor/2020.2.6f1/Editor/Data/Resources/UnitySubsystems
[Subsystems] Discovering subsystems at path C:/Users/Josh/Desktop/sts/Slay The Software - Final/Assets
GfxDevice: creating device client; threaded=0
Direct3D:
    Version:  Direct3D 11.0 [level 11.1]
    Renderer: NVIDIA GeForce GTX 1050 Ti with Max-Q Design (ID=0x1c8c)
    Vendor:   
    VRAM:     4021 MB
    Driver:   27.21.14.5241
Initialize mono
Mono path[0] = 'C:/Program Files/Unity/Hub/Editor/2020.2.6f1/Editor/Data/Managed'
Mono path[1] = 'C:/Program Files/Unity/Hub/Editor/2020.2.6f1/Editor/Data/MonoBleedingEdge/lib/mono/unityjit'
Mono config path = 'C:/Program Files/Unity/Hub/Editor/2020.2.6f1/Editor/Data/MonoBleedingEdge/etc'
Using monoOptions --debugger-agent=transport=dt_socket,embedding=1,server=y,suspend=n,address=127.0.0.1:56900
Begin MonoManager ReloadAssembly
Registering precompiled unity dll's ...
Register platform support module: C:/Program Files/Unity/Hub/Editor/2020.2.6f1/Editor/Data/PlaybackEngines/WindowsStandaloneSupport/UnityEditor.WindowsStandalone.Extensions.dll
Registered in 0.003475 seconds.
Native extension for WindowsStandalone target not found
Refreshing native plugins compatible for Editor in 59.32 ms, found 0 plugins.
Preloading 0 native plugins for Editor in 0.00 ms.
Invoked RoslynAnalysisRunner static constructor.
RoslynAnalysisRunner will not be running.
RoslynAnalysisRunner has terminated.
Mono: successfully reloaded assembly
- Completed reload, in  1.754 seconds
Platform modules already initialized, skipping
Registering precompiled user dll's ...
Registered in 0.249249 seconds.
Begin MonoManager ReloadAssembly
Native extension for WindowsStandalone target not found
Refreshing native plugins compatible for Editor in 0.66 ms, found 0 plugins.
Preloading 0 native plugins for Editor in 0.00 ms.
Invoked RoslynAnalysisRunner static constructor.
RoslynAnalysisRunner will not be running.
RoslynAnalysisRunner has terminated.
Mono: successfully reloaded assembly
- Completed reload, in  1.823 seconds
Platform modules already initialized, skipping
========================================================================
Worker process is ready to serve import requests
Launched and connected shader compiler UnityShaderCompiler.exe after 0.19 seconds
Refreshing native plugins compatible for Editor in 0.71 ms, found 0 plugins.
Preloading 0 native plugins for Editor in 0.00 ms.
Unloading 1438 Unused Serialized files (Serialized files now loaded: 0)
System memory in use before: 73.5 MB.
System memory in use after: 73.6 MB.

Unloading 37 unused Assets to reduce memory usage. Loaded Objects now: 1891.
Total: 3.210500 ms (FindLiveObjects: 0.318700 ms CreateObjectMapping: 0.128800 ms MarkObjects: 2.651800 ms  DeleteObjects: 0.109300 ms)

========================================================================
Received Import Request.
  path: Assets/Assets/facebook.png
  artifactKey: Guid(baed39c1996c54f12be7da7fd2e4b734) Importer(815301076,1909f56bfc062723c751e8b465ee728b)
Start importing Assets/Assets/facebook.png using Guid(baed39c1996c54f12be7da7fd2e4b734) Importer(815301076,1909f56bfc062723c751e8b465ee728b)  -> (artifact id: 'b91712b2aed3e462713c4270ba6dd4c6') in 0.254024 seconds
  Import took 0.259423 seconds .

========================================================================
Received Prepare
Registering precompiled user dll's ...
Registered in 0.017940 seconds.
Begin MonoManager ReloadAssembly
Native extension for WindowsStandalone target not found
Refreshing native plugins compatible for Editor in 0.68 ms, found 0 plugins.
Preloading 0 native plugins for Editor in 0.00 ms.
Invoked RoslynAnalysisRunner static constructor.
RoslynAnalysisRunner will not be running.
RoslynAnalysisRunner has terminated.
Mono: successfully reloaded assembly
- Completed reload, in  1.738 seconds
Platform modules already initialized, skipping
Refreshing native plugins compatible for Editor in 0.71 ms, found 0 plugins.
Preloading 0 native plugins for Editor in 0.00 ms.
Unloading 1389 Unused Serialized files (Serialized files now loaded: 0)
System memory in use before: 73.2 MB.
System memory in use after: 73.3 MB.

Unloading 32 unused Assets to reduce memory usage. Loaded Objects now: 1899.
Total: 3.067700 ms (FindLiveObjects: 0.229600 ms CreateObjectMapping: 0.071800 ms MarkObjects: 2.726900 ms  DeleteObjects: 0.038000 ms)

========================================================================
Received Import Request.
  Time since last request: 102.927430 seconds.
  path: Assets/Boss Mode/Boss Crystal 1.png
  artifactKey: Guid(0e1bb0f5170aee44383c1a2e8f0d29f2) Importer(815301076,1909f56bfc062723c751e8b465ee728b)
Start importing Assets/Boss Mode/Boss Crystal 1.png using Guid(0e1bb0f5170aee44383c1a2e8f0d29f2) Importer(815301076,1909f56bfc062723c751e8b465ee728b)  -> (artifact id: '2415cbc03d79a044be89c8d36ce2a246') in 0.096368 seconds
  Import took 0.101037 seconds .

========================================================================
Received Import Request.
  Time since last request: 0.000432 seconds.
  path: Assets/Boss Mode/Quiz Boss Container Red.png
  artifactKey: Guid(ca149b45365b57341a921e5548b22f3b) Importer(815301076,1909f56bfc062723c751e8b465ee728b)
Start importing Assets/Boss Mode/Quiz Boss Container Red.png using Guid(ca149b45365b57341a921e5548b22f3b) Importer(815301076,1909f56bfc062723c751e8b465ee728b)  -> (artifact id: '0b356eb20efb1e0e5356605b7c6c26b2') in 0.043687 seconds
  Import took 0.049315 seconds .

========================================================================
Received Import Request.
  Time since last request: 0.000437 seconds.
  path: Assets/Boss Mode/Quiz Boss Background red.png
  artifactKey: Guid(0c76ffb8f8486cd4a80571436b6f386d) Importer(815301076,1909f56bfc062723c751e8b465ee728b)
Start importing Assets/Boss Mode/Quiz Boss Background red.png using Guid(0c76ffb8f8486cd4a80571436b6f386d) Importer(815301076,1909f56bfc062723c751e8b465ee728b)  -> (artifact id: 'b972fc003cf6a6eb98461ccdc3bbf27e') in 0.041080 seconds
  Import took 0.046172 seconds .

========================================================================
Received Import Request.
  Time since last request: 0.000414 seconds.
  path: Assets/Boss Mode/Quiz Background BLACK.png
  artifactKey: Guid(c35c8aab13af8d74d9dfd15722b5433f) Importer(815301076,1909f56bfc062723c751e8b465ee728b)
Start importing Assets/Boss Mode/Quiz Background BLACK.png using Guid(c35c8aab13af8d74d9dfd15722b5433f) Importer(815301076,1909f56bfc062723c751e8b465ee728b)  -> (artifact id: '0d2f94cfb0fb09d255381d100456f121') in 0.031183 seconds
  Import took 0.035808 seconds .

========================================================================
Received Import Request.
  Time since last request: 0.000414 seconds.
  path: Assets/Boss Mode/Quiz Mode Question2.png
  artifactKey: Guid(6be3c64a4b166224493511bdb00f8846) Importer(815301076,1909f56bfc062723c751e8b465ee728b)
Start importing Assets/Boss Mode/Quiz Mode Question2.png using Guid(6be3c64a4b166224493511bdb00f8846) Importer(815301076,1909f56bfc062723c751e8b465ee728b)  -> (artifact id: '4fbe4ca2a820b0d976c96d5df83aa852') in 0.033070 seconds
  Import took 0.037267 seconds .

========================================================================
Received Import Request.
  Time since last request: 0.000490 seconds.
  path: Assets/Boss Mode/Radioactive Alarm (2).mp3
  artifactKey: Guid(96ed2eb3be87a84409d11b56b95da1f2) Importer(815301076,1909f56bfc062723c751e8b465ee728b)
Start importing Assets/Boss Mode/Radioactive Alarm (2).mp3 using Guid(96ed2eb3be87a84409d11b56b95da1f2) Importer(815301076,1909f56bfc062723c751e8b465ee728b)  -> (artifact id: '6ed3b10d5226271e1bef5f9a83246ee2') in 0.203716 seconds
  Import took 0.208064 seconds .

========================================================================
Received Prepare
Registering precompiled user dll's ...
Registered in 0.016574 seconds.
Begin MonoManager ReloadAssembly
Native extension for WindowsStandalone target not found
Refreshing native plugins compatible for Editor in 0.68 ms, found 0 plugins.
Preloading 0 native plugins for Editor in 0.00 ms.
Invoked RoslynAnalysisRunner static constructor.
RoslynAnalysisRunner will not be running.
RoslynAnalysisRunner has terminated.
Mono: successfully reloaded assembly
- Completed reload, in  1.759 seconds
Platform modules already initialized, skipping
Refreshing native plugins compatible for Editor in 0.71 ms, found 0 plugins.
Preloading 0 native plugins for Editor in 0.00 ms.
Unloading 1388 Unused Serialized files (Serialized files now loaded: 0)
System memory in use before: 73.4 MB.
System memory in use after: 73.5 MB.

Unloading 32 unused Assets to reduce memory usage. Loaded Objects now: 1913.
Total: 2.652600 ms (FindLiveObjects: 0.232200 ms CreateObjectMapping: 0.086600 ms MarkObjects: 2.291600 ms  DeleteObjects: 0.040200 ms)

========================================================================
Received Prepare
Registering precompiled user dll's ...
Registered in 0.015476 seconds.
Begin MonoManager ReloadAssembly
Native extension for WindowsStandalone target not found
Refreshing native plugins compatible for Editor in 0.67 ms, found 0 plugins.
Preloading 0 native plugins for Editor in 0.00 ms.
Invoked RoslynAnalysisRunner static constructor.
RoslynAnalysisRunner will not be running.
RoslynAnalysisRunner has terminated.
Mono: successfully reloaded assembly
- Completed reload, in  1.742 seconds
Platform modules already initialized, skipping
Refreshing native plugins compatible for Editor in 0.71 ms, found 0 plugins.
Preloading 0 native plugins for Editor in 0.00 ms.
Unloading 1388 Unused Serialized files (Serialized files now loaded: 0)
System memory in use before: 73.4 MB.
System memory in use after: 73.5 MB.

Unloading 32 unused Assets to reduce memory usage. Loaded Objects now: 1915.
Total: 2.877800 ms (FindLiveObjects: 0.191500 ms CreateObjectMapping: 0.062800 ms MarkObjects: 2.578400 ms  DeleteObjects: 0.043800 ms)

========================================================================
Received Prepare
Registering precompiled user dll's ...
Registered in 0.015546 seconds.
Begin MonoManager ReloadAssembly
Native extension for WindowsStandalone target not found
Refreshing native plugins compatible for Editor in 0.68 ms, found 0 plugins.
Preloading 0 native plugins for Editor in 0.00 ms.
Invoked RoslynAnalysisRunner static constructor.
RoslynAnalysisRunner will not be running.
RoslynAnalysisRunner has terminated.
Mono: successfully reloaded assembly
- Completed reload, in  1.694 seconds
Platform modules already initialized, skipping
Refreshing native plugins compatible for Editor in 0.73 ms, found 0 plugins.
Preloading 0 native plugins for Editor in 0.00 ms.
Unloading 1388 Unused Serialized files (Serialized files now loaded: 0)
System memory in use before: 73.4 MB.
System memory in use after: 73.5 MB.

Unloading 32 unused Assets to reduce memory usage. Loaded Objects now: 1917.
Total: 2.937200 ms (FindLiveObjects: 0.213600 ms CreateObjectMapping: 0.078100 ms MarkObjects: 2.606600 ms  DeleteObjects: 0.037500 ms)

========================================================================
Received Prepare
Registering precompiled user dll's ...
Registered in 0.014768 seconds.
Begin MonoManager ReloadAssembly
Native extension for WindowsStandalone target not found
Refreshing native plugins compatible for Editor in 0.69 ms, found 0 plugins.
Preloading 0 native plugins for Editor in 0.00 ms.
Invoked RoslynAnalysisRunner static constructor.
RoslynAnalysisRunner will not be running.
RoslynAnalysisRunner has terminated.
Mono: successfully reloaded assembly
- Completed reload, in  1.759 seconds
Platform modules already initialized, skipping
Refreshing native plugins compatible for Editor in 1.21 ms, found 0 plugins.
Preloading 0 native plugins for Editor in 0.00 ms.
Unloading 1389 Unused Serialized files (Serialized files now loaded: 0)
System memory in use before: 73.4 MB.
System memory in use after: 73.5 MB.

Unloading 32 unused Assets to reduce memory usage. Loaded Objects now: 1919.
Total: 2.899000 ms (FindLiveObjects: 0.356300 ms CreateObjectMapping: 0.105000 ms MarkObjects: 2.393900 ms  DeleteObjects: 0.040900 ms)

========================================================================
Received Prepare
Registering precompiled user dll's ...
Registered in 0.014966 seconds.
Begin MonoManager ReloadAssembly
Native extension for WindowsStandalone target not found
Refreshing native plugins compatible for Editor in 0.67 ms, found 0 plugins.
Preloading 0 native plugins for Editor in 0.00 ms.
Invoked RoslynAnalysisRunner static constructor.
RoslynAnalysisRunner will not be running.
RoslynAnalysisRunner has terminated.
Mono: successfully reloaded assembly
- Completed reload, in  1.688 seconds
Platform modules already initialized, skipping
Refreshing native plugins compatible for Editor in 0.71 ms, found 0 plugins.
Preloading 0 native plugins for Editor in 0.00 ms.
Unloading 1373 Unused Serialized files (Serialized files now loaded: 0)
System memory in use before: 73.1 MB.
System memory in use after: 73.2 MB.

Unloading 32 unused Assets to reduce memory usage. Loaded Objects now: 1921.
Total: 2.858200 ms (FindLiveObjects: 0.203100 ms CreateObjectMapping: 0.063000 ms MarkObjects: 2.539200 ms  DeleteObjects: 0.050300 ms)

========================================================================
Received Prepare
Registering precompiled user dll's ...
Registered in 0.015531 seconds.
Begin MonoManager ReloadAssembly
Native extension for WindowsStandalone target not found
Refreshing native plugins compatible for Editor in 1.36 ms, found 0 plugins.
Preloading 0 native plugins for Editor in 0.00 ms.
Invoked RoslynAnalysisRunner static constructor.
RoslynAnalysisRunner will not be running.
RoslynAnalysisRunner has terminated.
Mono: successfully reloaded assembly
- Completed reload, in  1.732 seconds
Platform modules already initialized, skipping
Refreshing native plugins compatible for Editor in 0.70 ms, found 0 plugins.
Preloading 0 native plugins for Editor in 0.00 ms.
Unloading 1388 Unused Serialized files (Serialized files now loaded: 0)
System memory in use before: 73.4 MB.
System memory in use after: 73.5 MB.

Unloading 32 unused Assets to reduce memory usage. Loaded Objects now: 1923.
Total: 3.076000 ms (FindLiveObjects: 0.281700 ms CreateObjectMapping: 0.092700 ms MarkObjects: 2.659000 ms  DeleteObjects: 0.040400 ms)

========================================================================
Received Prepare
Registering precompiled user dll's ...
Registered in 0.017624 seconds.
Begin MonoManager ReloadAssembly
Native extension for WindowsStandalone target not found
Refreshing native plugins compatible for Editor in 0.72 ms, found 0 plugins.
Preloading 0 native plugins for Editor in 0.00 ms.
Invoked RoslynAnalysisRunner static constructor.
RoslynAnalysisRunner will not be running.
RoslynAnalysisRunner has terminated.
Mono: successfully reloaded assembly
- Completed reload, in  3.290 seconds
Platform modules already initialized, skipping
Refreshing native plugins compatible for Editor in 0.70 ms, found 0 plugins.
Preloading 0 native plugins for Editor in 0.00 ms.
Unloading 1388 Unused Serialized files (Serialized files now loaded: 0)
System memory in use before: 73.4 MB.
System memory in use after: 73.5 MB.

Unloading 32 unused Assets to reduce memory usage. Loaded Objects now: 1925.
Total: 2.898700 ms (FindLiveObjects: 0.278900 ms CreateObjectMapping: 0.083000 ms MarkObjects: 2.483200 ms  DeleteObjects: 0.050900 ms)

========================================================================
Received Prepare
Registering precompiled user dll's ...
Registered in 0.016026 seconds.
Begin MonoManager ReloadAssembly
Native extension for WindowsStandalone target not found
Refreshing native plugins compatible for Editor in 0.67 ms, found 0 plugins.
Preloading 0 native plugins for Editor in 0.00 ms.
Invoked RoslynAnalysisRunner static constructor.
RoslynAnalysisRunner will not be running.
RoslynAnalysisRunner has terminated.
Mono: successfully reloaded assembly
- Completed reload, in  1.705 seconds
Platform modules already initialized, skipping
Refreshing native plugins compatible for Editor in 0.72 ms, found 0 plugins.
Preloading 0 native plugins for Editor in 0.00 ms.
Unloading 1388 Unused Serialized files (Serialized files now loaded: 0)
System memory in use before: 73.4 MB.
System memory in use after: 73.5 MB.

Unloading 32 unused Assets to reduce memory usage. Loaded Objects now: 1927.
Total: 2.972000 ms (FindLiveObjects: 0.318100 ms CreateObjectMapping: 0.106600 ms MarkObjects: 2.457800 ms  DeleteObjects: 0.086600 ms)

========================================================================
Received Prepare
Registering precompiled user dll's ...
Registered in 0.018633 seconds.
Begin MonoManager ReloadAssembly
Native extension for WindowsStandalone target not found
Refreshing native plugins compatible for Editor in 0.73 ms, found 0 plugins.
Preloading 0 native plugins for Editor in 0.00 ms.
Invoked RoslynAnalysisRunner static constructor.
RoslynAnalysisRunner will not be running.
RoslynAnalysisRunner has terminated.
Mono: successfully reloaded assembly
- Completed reload, in  1.749 seconds
Platform modules already initialized, skipping
Refreshing native plugins compatible for Editor in 0.75 ms, found 0 plugins.
Preloading 0 native plugins for Editor in 0.00 ms.
Unloading 1388 Unused Serialized files (Serialized files now loaded: 0)
System memory in use before: 73.4 MB.
System memory in use after: 73.5 MB.

Unloading 32 unused Assets to reduce memory usage. Loaded Objects now: 1929.
Total: 2.746400 ms (FindLiveObjects: 0.271500 ms CreateObjectMapping: 0.070300 ms MarkObjects: 2.362400 ms  DeleteObjects: 0.040100 ms)

========================================================================
Received Prepare
Registering precompiled user dll's ...
Registered in 0.015508 seconds.
Begin MonoManager ReloadAssembly
Native extension for WindowsStandalone target not found
Refreshing native plugins compatible for Editor in 0.72 ms, found 0 plugins.
Preloading 0 native plugins for Editor in 0.00 ms.
Invoked RoslynAnalysisRunner static constructor.
RoslynAnalysisRunner will not be running.
RoslynAnalysisRunner has terminated.
Mono: successfully reloaded assembly
- Completed reload, in  1.682 seconds
Platform modules already initialized, skipping
Refreshing native plugins compatible for Editor in 0.71 ms, found 0 plugins.
Preloading 0 native plugins for Editor in 0.00 ms.
Unloading 1387 Unused Serialized files (Serialized files now loaded: 0)
System memory in use before: 73.4 MB.
System memory in use after: 73.5 MB.

Unloading 32 unused Assets to reduce memory usage. Loaded Objects now: 1931.
Total: 2.607300 ms (FindLiveObjects: 0.224900 ms CreateObjectMapping: 0.075000 ms MarkObjects: 2.268500 ms  DeleteObjects: 0.036800 ms)

AssetImportWorkerClient::OnTransportError - code=2 error=End of file
